# project  configured on Wed Aug 10 18:31:09 2016 by
# waf 1.7.11 (abi 98, python 2070af0 on darwin)
# using /Users/edwinfinch/Library/Application Support/Pebble SDK/SDKs/current/sdk-core/pebble/waf configure
#
----------------------------------------
Setting top to
/Users/edwinfinch/Desktop/Lignite Music/music-pebble
----------------------------------------
Setting out to
/Users/edwinfinch/Desktop/Lignite Music/music-pebble/build
----------------------------------------
Found Pebble SDK for basalt in:
/Users/edwinfinch/Library/Application Support/Pebble SDK/SDKs/current/sdk-core/pebble/basalt
----------------------------------------
Checking for program gcc,cc
arm-none-eabi-gcc
find program=['gcc', 'cc'] paths='' var='CC' -> 'arm-none-eabi-gcc'
----------------------------------------
Checking for program ar
arm-none-eabi-ar
find program=['ar'] paths='' var='AR' -> 'arm-none-eabi-ar'
